{"/home/runner/work/TiM/TiM/backend/src/app.ts": {"path":"/home/runner/work/TiM/TiM/backend/src/app.ts","statementMap":{"0":{"start":{"line":1,"column":0},"end":{"line":1,"column":23}},"1":{"start":{"line":2,"column":0},"end":{"line":2,"column":30}},"2":{"start":{"line":3,"column":0},"end":{"line":3,"column":35}},"3":{"start":{"line":4,"column":0},"end":{"line":4,"column":36}},"4":{"start":{"line":5,"column":0},"end":{"line":5,"column":53}},"5":{"start":{"line":6,"column":0},"end":{"line":6,"column":46}},"6":{"start":{"line":7,"column":0},"end":{"line":7,"column":44}},"7":{"start":{"line":8,"column":0},"end":{"line":8,"column":51}},"8":{"start":{"line":9,"column":0},"end":{"line":9,"column":53}},"9":{"start":{"line":10,"column":0},"end":{"line":10,"column":40}},"10":{"start":{"line":11,"column":0},"end":{"line":11,"column":60}},"11":{"start":{"line":12,"column":0},"end":{"line":12,"column":72}},"12":{"start":{"line":13,"column":0},"end":{"line":13,"column":62}},"13":{"start":{"line":15,"column":12},"end":{"line":15,"column":21}},"14":{"start":{"line":70,"column":9},"end":{"line":70,"column":12}},"15":{"start":{"line":16,"column":19},"end":{"line":16,"column":36}},"16":{"start":{"line":19,"column":13},"end":{"line":25,"column":3}},"17":{"start":{"line":28,"column":0},"end":{"line":28,"column":23}},"18":{"start":{"line":31,"column":0},"end":{"line":31,"column":23}},"19":{"start":{"line":34,"column":0},"end":{"line":34,"column":24}},"20":{"start":{"line":37,"column":0},"end":{"line":37,"column":33}},"21":{"start":{"line":38,"column":0},"end":{"line":38,"column":48}},"22":{"start":{"line":39,"column":0},"end":{"line":39,"column":38}},"23":{"start":{"line":40,"column":0},"end":{"line":40,"column":45}},"24":{"start":{"line":41,"column":0},"end":{"line":41,"column":48}},"25":{"start":{"line":42,"column":0},"end":{"line":42,"column":46}},"26":{"start":{"line":43,"column":0},"end":{"line":43,"column":67}},"27":{"start":{"line":46,"column":0},"end":{"line":62,"column":3}},"28":{"start":{"line":47,"column":2},"end":{"line":49,"column":5}},"29":{"start":{"line":48,"column":4},"end":{"line":48,"column":45}},"30":{"start":{"line":51,"column":2},"end":{"line":53,"column":5}},"31":{"start":{"line":52,"column":4},"end":{"line":52,"column":46}},"32":{"start":{"line":55,"column":2},"end":{"line":57,"column":5}},"33":{"start":{"line":56,"column":4},"end":{"line":56,"column":38}},"34":{"start":{"line":59,"column":2},"end":{"line":61,"column":5}},"35":{"start":{"line":60,"column":4},"end":{"line":60,"column":39}},"36":{"start":{"line":65,"column":13},"end":{"line":65,"column":37}},"37":{"start":{"line":66,"column":13},"end":{"line":68,"column":3}},"38":{"start":{"line":67,"column":2},"end":{"line":67,"column":51}}},"fnMap":{"0":{"name":"(anonymous_1)","decl":{"start":{"line":46,"column":20},"end":{"line":46,"column":21}},"loc":{"start":{"line":46,"column":31},"end":{"line":62,"column":1}}},"1":{"name":"(anonymous_2)","decl":{"start":{"line":47,"column":29},"end":{"line":47,"column":30}},"loc":{"start":{"line":47,"column":53},"end":{"line":49,"column":3}}},"2":{"name":"(anonymous_3)","decl":{"start":{"line":51,"column":30},"end":{"line":51,"column":31}},"loc":{"start":{"line":51,"column":54},"end":{"line":53,"column":3}}},"3":{"name":"(anonymous_4)","decl":{"start":{"line":55,"column":26},"end":{"line":55,"column":27}},"loc":{"start":{"line":55,"column":47},"end":{"line":57,"column":3}}},"4":{"name":"(anonymous_5)","decl":{"start":{"line":59,"column":27},"end":{"line":59,"column":28}},"loc":{"start":{"line":59,"column":48},"end":{"line":61,"column":3}}},"5":{"name":"(anonymous_6)","decl":{"start":{"line":66,"column":46},"end":{"line":66,"column":49}},"loc":{"start":{"line":66,"column":51},"end":{"line":68,"column":1}}}},"branchMap":{"0":{"loc":{"start":{"line":20,"column":8},"end":{"line":20,"column":50}},"type":"binary-expr","locations":[{"start":{"line":20,"column":8},"end":{"line":20,"column":34}},{"start":{"line":20,"column":38},"end":{"line":20,"column":50}}]},"1":{"loc":{"start":{"line":65,"column":13},"end":{"line":65,"column":37}},"type":"binary-expr","locations":[{"start":{"line":65,"column":13},"end":{"line":65,"column":29}},{"start":{"line":65,"column":33},"end":{"line":65,"column":37}}]}},"s":{"0":3,"1":3,"2":3,"3":3,"4":3,"5":3,"6":3,"7":3,"8":3,"9":3,"10":3,"11":3,"12":3,"13":3,"14":3,"15":3,"16":3,"17":3,"18":3,"19":3,"20":3,"21":3,"22":3,"23":3,"24":3,"25":3,"26":3,"27":3,"28":0,"29":0,"30":0,"31":0,"32":0,"33":0,"34":0,"35":0,"36":3,"37":3,"38":3},"f":{"0":0,"1":0,"2":0,"3":0,"4":0,"5":3},"b":{"0":[3,3],"1":[3,3]}}
,"/home/runner/work/TiM/TiM/backend/src/controllers/stepController.ts": {"path":"/home/runner/work/TiM/TiM/backend/src/controllers/stepController.ts","statementMap":{"0":{"start":{"line":7,"column":0},"end":{"line":7,"column":7}},"1":{"start":{"line":2,"column":0},"end":{"line":2,"column":24}},"2":{"start":{"line":3,"column":0},"end":{"line":3,"column":58}},"3":{"start":{"line":5,"column":19},"end":{"line":5,"column":78}},"4":{"start":{"line":8,"column":16},"end":{"line":8,"column":46}},"5":{"start":{"line":9,"column":2},"end":{"line":9,"column":79}},"6":{"start":{"line":9,"column":22},"end":{"line":9,"column":79}},"7":{"start":{"line":11,"column":17},"end":{"line":16,"column":4}},"8":{"start":{"line":18,"column":2},"end":{"line":18,"column":53}}},"fnMap":{"0":{"name":"completeStepController","decl":{"start":{"line":7,"column":22},"end":{"line":7,"column":44}},"loc":{"start":{"line":7,"column":72},"end":{"line":19,"column":1}}}},"branchMap":{"0":{"loc":{"start":{"line":9,"column":2},"end":{"line":9,"column":79}},"type":"if","locations":[{"start":{"line":9,"column":2},"end":{"line":9,"column":79}}]}},"s":{"0":3,"1":3,"2":3,"3":3,"4":3,"5":3,"6":0,"7":3,"8":3},"f":{"0":3},"b":{"0":[0]}}
,"/home/runner/work/TiM/TiM/backend/src/middleware/auth.ts": {"path":"/home/runner/work/TiM/TiM/backend/src/middleware/auth.ts","statementMap":{"0":{"start":{"line":14,"column":0},"end":{"line":14,"column":7}},"1":{"start":{"line":33,"column":0},"end":{"line":33,"column":16}},"2":{"start":{"line":1,"column":0},"end":{"line":1,"column":33}},"3":{"start":{"line":15,"column":2},"end":{"line":30,"column":3}},"4":{"start":{"line":16,"column":17},"end":{"line":16,"column":48}},"5":{"start":{"line":17,"column":18},"end":{"line":17,"column":65}},"6":{"start":{"line":18,"column":4},"end":{"line":18,"column":74}},"7":{"start":{"line":18,"column":16},"end":{"line":18,"column":74}},"8":{"start":{"line":20,"column":19},"end":{"line":20,"column":82}},"9":{"start":{"line":21,"column":24},"end":{"line":21,"column":54}},"10":{"start":{"line":22,"column":4},"end":{"line":26,"column":6}},"11":{"start":{"line":27,"column":4},"end":{"line":27,"column":18}},"12":{"start":{"line":29,"column":4},"end":{"line":29,"column":62}},"13":{"start":{"line":34,"column":2},"end":{"line":39,"column":4}},"14":{"start":{"line":35,"column":4},"end":{"line":37,"column":5}},"15":{"start":{"line":36,"column":6},"end":{"line":36,"column":60}},"16":{"start":{"line":38,"column":4},"end":{"line":38,"column":11}}},"fnMap":{"0":{"name":"requireAuth","decl":{"start":{"line":14,"column":22},"end":{"line":14,"column":33}},"loc":{"start":{"line":14,"column":81},"end":{"line":31,"column":1}}},"1":{"name":"requireRole","decl":{"start":{"line":33,"column":16},"end":{"line":33,"column":27}},"loc":{"start":{"line":33,"column":41},"end":{"line":40,"column":1}}},"2":{"name":"(anonymous_2)","decl":{"start":{"line":34,"column":9},"end":{"line":34,"column":10}},"loc":{"start":{"line":34,"column":52},"end":{"line":39,"column":3}}}},"branchMap":{"0":{"loc":{"start":{"line":16,"column":17},"end":{"line":16,"column":48}},"type":"binary-expr","locations":[{"start":{"line":16,"column":17},"end":{"line":16,"column":42}},{"start":{"line":16,"column":46},"end":{"line":16,"column":48}}]},"1":{"loc":{"start":{"line":17,"column":18},"end":{"line":17,"column":65}},"type":"cond-expr","locations":[{"start":{"line":17,"column":47},"end":{"line":17,"column":60}},{"start":{"line":17,"column":63},"end":{"line":17,"column":65}}]},"2":{"loc":{"start":{"line":18,"column":4},"end":{"line":18,"column":74}},"type":"if","locations":[{"start":{"line":18,"column":4},"end":{"line":18,"column":74}}]},"3":{"loc":{"start":{"line":20,"column":44},"end":{"line":20,"column":81}},"type":"binary-expr","locations":[{"start":{"line":20,"column":44},"end":{"line":20,"column":66}},{"start":{"line":20,"column":70},"end":{"line":20,"column":81}}]},"4":{"loc":{"start":{"line":25,"column":23},"end":{"line":25,"column":52}},"type":"binary-expr","locations":[{"start":{"line":25,"column":23},"end":{"line":25,"column":39}},{"start":{"line":25,"column":43},"end":{"line":25,"column":52}}]},"5":{"loc":{"start":{"line":35,"column":4},"end":{"line":37,"column":5}},"type":"if","locations":[{"start":{"line":35,"column":4},"end":{"line":37,"column":5}}]},"6":{"loc":{"start":{"line":35,"column":8},"end":{"line":35,"column":51}},"type":"binary-expr","locations":[{"start":{"line":35,"column":8},"end":{"line":35,"column":17}},{"start":{"line":35,"column":21},"end":{"line":35,"column":51}}]}},"s":{"0":3,"1":3,"2":3,"3":7,"4":7,"5":7,"6":7,"7":1,"8":6,"9":6,"10":6,"11":6,"12":0,"13":33,"14":4,"15":1,"16":3},"f":{"0":7,"1":33,"2":4},"b":{"0":[7,1],"1":[6,1],"2":[1],"3":[6,0],"4":[6,4],"5":[1],"6":[4,4]}}
,"/home/runner/work/TiM/TiM/backend/src/middleware/httpsRedirect.ts": {"path":"/home/runner/work/TiM/TiM/backend/src/middleware/httpsRedirect.ts","statementMap":{"0":{"start":{"line":8,"column":0},"end":{"line":8,"column":16}},"1":{"start":{"line":10,"column":2},"end":{"line":10,"column":59}},"2":{"start":{"line":10,"column":45},"end":{"line":10,"column":59}},"3":{"start":{"line":13,"column":2},"end":{"line":13,"column":67}},"4":{"start":{"line":13,"column":53},"end":{"line":13,"column":67}},"5":{"start":{"line":15,"column":16},"end":{"line":15,"column":64}},"6":{"start":{"line":16,"column":2},"end":{"line":18,"column":3}},"7":{"start":{"line":17,"column":4},"end":{"line":17,"column":78}},"8":{"start":{"line":21,"column":2},"end":{"line":21,"column":84}},"9":{"start":{"line":22,"column":2},"end":{"line":22,"column":16}}},"fnMap":{"0":{"name":"httpsRedirect","decl":{"start":{"line":8,"column":16},"end":{"line":8,"column":29}},"loc":{"start":{"line":8,"column":77},"end":{"line":23,"column":1}}}},"branchMap":{"0":{"loc":{"start":{"line":10,"column":2},"end":{"line":10,"column":59}},"type":"if","locations":[{"start":{"line":10,"column":2},"end":{"line":10,"column":59}}]},"1":{"loc":{"start":{"line":13,"column":2},"end":{"line":13,"column":67}},"type":"if","locations":[{"start":{"line":13,"column":2},"end":{"line":13,"column":67}}]},"2":{"loc":{"start":{"line":15,"column":16},"end":{"line":15,"column":64}},"type":"binary-expr","locations":[{"start":{"line":15,"column":16},"end":{"line":15,"column":48}},{"start":{"line":15,"column":52},"end":{"line":15,"column":64}}]},"3":{"loc":{"start":{"line":16,"column":2},"end":{"line":18,"column":3}},"type":"if","locations":[{"start":{"line":16,"column":2},"end":{"line":18,"column":3}}]}},"s":{"0":3,"1":9,"2":9,"3":0,"4":0,"5":0,"6":0,"7":0,"8":0,"9":0},"f":{"0":9},"b":{"0":[9],"1":[0],"2":[0,0],"3":[0]}}
,"/home/runner/work/TiM/TiM/backend/src/middleware/rateLimiter.ts": {"path":"/home/runner/work/TiM/TiM/backend/src/middleware/rateLimiter.ts","statementMap":{"0":{"start":{"line":1,"column":0},"end":{"line":1,"column":43}},"1":{"start":{"line":7,"column":13},"end":{"line":13,"column":3}},"2":{"start":{"line":19,"column":13},"end":{"line":25,"column":3}},"3":{"start":{"line":31,"column":13},"end":{"line":37,"column":3}}},"fnMap":{},"branchMap":{"0":{"loc":{"start":{"line":9,"column":16},"end":{"line":9,"column":52}},"type":"binary-expr","locations":[{"start":{"line":9,"column":16},"end":{"line":9,"column":45}},{"start":{"line":9,"column":49},"end":{"line":9,"column":52}}]},"1":{"loc":{"start":{"line":21,"column":16},"end":{"line":21,"column":48}},"type":"binary-expr","locations":[{"start":{"line":21,"column":16},"end":{"line":21,"column":42}},{"start":{"line":21,"column":46},"end":{"line":21,"column":48}}]},"2":{"loc":{"start":{"line":33,"column":16},"end":{"line":33,"column":49}},"type":"binary-expr","locations":[{"start":{"line":33,"column":16},"end":{"line":33,"column":43}},{"start":{"line":33,"column":47},"end":{"line":33,"column":49}}]}},"s":{"0":3,"1":3,"2":3,"3":3},"f":{},"b":{"0":[3,3],"1":[3,3],"2":[3,3]}}
,"/home/runner/work/TiM/TiM/backend/src/routes/health.ts": {"path":"/home/runner/work/TiM/TiM/backend/src/routes/health.ts","statementMap":{"0":{"start":{"line":1,"column":0},"end":{"line":1,"column":52}},"1":{"start":{"line":2,"column":0},"end":{"line":2,"column":45}},"2":{"start":{"line":4,"column":15},"end":{"line":4,"column":23}},"3":{"start":{"line":6,"column":0},"end":{"line":42,"column":3}},"4":{"start":{"line":7,"column":20},"end":{"line":7,"column":30}},"5":{"start":{"line":9,"column":2},"end":{"line":41,"column":3}},"6":{"start":{"line":11,"column":4},"end":{"line":11,"column":37}},"7":{"start":{"line":13,"column":25},"end":{"line":13,"column":47}},"8":{"start":{"line":15,"column":4},"end":{"line":25,"column":7}},"9":{"start":{"line":27,"column":25},"end":{"line":27,"column":47}},"10":{"start":{"line":29,"column":4},"end":{"line":40,"column":7}},"11":{"start":{"line":44,"column":0},"end":{"line":44,"column":22}}},"fnMap":{"0":{"name":"(anonymous_0)","decl":{"start":{"line":6,"column":16},"end":{"line":6,"column":21}},"loc":{"start":{"line":6,"column":54},"end":{"line":42,"column":1}}}},"branchMap":{"0":{"loc":{"start":{"line":36,"column":15},"end":{"line":36,"column":71}},"type":"cond-expr","locations":[{"start":{"line":36,"column":40},"end":{"line":36,"column":53}},{"start":{"line":36,"column":56},"end":{"line":36,"column":71}}]}},"s":{"0":3,"1":3,"2":3,"3":3,"4":2,"5":2,"6":2,"7":1,"8":1,"9":1,"10":1,"11":3},"f":{"0":2},"b":{"0":[1,0]}}
,"/home/runner/work/TiM/TiM/backend/src/routes/labReports.ts": {"path":"/home/runner/work/TiM/TiM/backend/src/routes/labReports.ts","statementMap":{"0":{"start":{"line":1,"column":0},"end":{"line":1,"column":33}},"1":{"start":{"line":2,"column":0},"end":{"line":2,"column":65}},"2":{"start":{"line":3,"column":0},"end":{"line":3,"column":24}},"3":{"start":{"line":4,"column":0},"end":{"line":4,"column":84}},"4":{"start":{"line":6,"column":15},"end":{"line":6,"column":23}},"5":{"start":{"line":8,"column":21},"end":{"line":14,"column":2}},"6":{"start":{"line":16,"column":22},"end":{"line":18,"column":2}},"7":{"start":{"line":21,"column":0},"end":{"line":41,"column":2}},"8":{"start":{"line":26,"column":18},"end":{"line":26,"column":50}},"9":{"start":{"line":27,"column":4},"end":{"line":27,"column":112}},"10":{"start":{"line":27,"column":24},"end":{"line":27,"column":112}},"11":{"start":{"line":29,"column":17},"end":{"line":29,"column":27}},"12":{"start":{"line":30,"column":19},"end":{"line":38,"column":6}},"13":{"start":{"line":39,"column":4},"end":{"line":39,"column":55}},"14":{"start":{"line":44,"column":0},"end":{"line":60,"column":2}},"15":{"start":{"line":49,"column":18},"end":{"line":49,"column":51}},"16":{"start":{"line":50,"column":4},"end":{"line":50,"column":81}},"17":{"start":{"line":50,"column":24},"end":{"line":50,"column":81}},"18":{"start":{"line":52,"column":19},"end":{"line":57,"column":6}},"19":{"start":{"line":58,"column":4},"end":{"line":58,"column":55}},"20":{"start":{"line":62,"column":0},"end":{"line":62,"column":22}}},"fnMap":{"0":{"name":"(anonymous_0)","decl":{"start":{"line":25,"column":2},"end":{"line":25,"column":7}},"loc":{"start":{"line":25,"column":21},"end":{"line":40,"column":3}}},"1":{"name":"(anonymous_1)","decl":{"start":{"line":48,"column":2},"end":{"line":48,"column":7}},"loc":{"start":{"line":48,"column":21},"end":{"line":59,"column":3}}}},"branchMap":{"0":{"loc":{"start":{"line":27,"column":4},"end":{"line":27,"column":112}},"type":"if","locations":[{"start":{"line":27,"column":4},"end":{"line":27,"column":112}}]},"1":{"loc":{"start":{"line":50,"column":4},"end":{"line":50,"column":81}},"type":"if","locations":[{"start":{"line":50,"column":4},"end":{"line":50,"column":81}}]}},"s":{"0":3,"1":3,"2":3,"3":3,"4":3,"5":3,"6":3,"7":3,"8":0,"9":0,"10":0,"11":0,"12":0,"13":0,"14":3,"15":0,"16":0,"17":0,"18":0,"19":0,"20":3},"f":{"0":0,"1":0},"b":{"0":[0],"1":[0]}}
,"/home/runner/work/TiM/TiM/backend/src/routes/movements.ts": {"path":"/home/runner/work/TiM/TiM/backend/src/routes/movements.ts","statementMap":{"0":{"start":{"line":1,"column":0},"end":{"line":1,"column":33}},"1":{"start":{"line":2,"column":0},"end":{"line":2,"column":65}},"2":{"start":{"line":3,"column":0},"end":{"line":3,"column":24}},"3":{"start":{"line":4,"column":0},"end":{"line":4,"column":61}},"4":{"start":{"line":6,"column":15},"end":{"line":6,"column":23}},"5":{"start":{"line":8,"column":15},"end":{"line":14,"column":2}},"6":{"start":{"line":17,"column":0},"end":{"line":32,"column":3}},"7":{"start":{"line":18,"column":16},"end":{"line":18,"column":42}},"8":{"start":{"line":19,"column":2},"end":{"line":19,"column":110}},"9":{"start":{"line":19,"column":22},"end":{"line":19,"column":110}},"10":{"start":{"line":21,"column":15},"end":{"line":21,"column":25}},"11":{"start":{"line":22,"column":17},"end":{"line":30,"column":4}},"12":{"start":{"line":31,"column":2},"end":{"line":31,"column":53}},"13":{"start":{"line":34,"column":0},"end":{"line":34,"column":22}}},"fnMap":{"0":{"name":"(anonymous_0)","decl":{"start":{"line":17,"column":76},"end":{"line":17,"column":81}},"loc":{"start":{"line":17,"column":95},"end":{"line":32,"column":1}}}},"branchMap":{"0":{"loc":{"start":{"line":19,"column":2},"end":{"line":19,"column":110}},"type":"if","locations":[{"start":{"line":19,"column":2},"end":{"line":19,"column":110}}]}},"s":{"0":3,"1":3,"2":3,"3":3,"4":3,"5":3,"6":3,"7":0,"8":0,"9":0,"10":0,"11":0,"12":0,"13":3},"f":{"0":0},"b":{"0":[0]}}
,"/home/runner/work/TiM/TiM/backend/src/routes/queue.ts": {"path":"/home/runner/work/TiM/TiM/backend/src/routes/queue.ts","statementMap":{"0":{"start":{"line":1,"column":0},"end":{"line":1,"column":33}},"1":{"start":{"line":2,"column":0},"end":{"line":2,"column":52}},"2":{"start":{"line":3,"column":0},"end":{"line":3,"column":63}},"3":{"start":{"line":5,"column":15},"end":{"line":5,"column":23}},"4":{"start":{"line":8,"column":0},"end":{"line":11,"column":3}},"5":{"start":{"line":9,"column":19},"end":{"line":9,"column":61}},"6":{"start":{"line":10,"column":2},"end":{"line":10,"column":84}},"7":{"start":{"line":13,"column":0},"end":{"line":13,"column":22}}},"fnMap":{"0":{"name":"(anonymous_0)","decl":{"start":{"line":8,"column":29},"end":{"line":8,"column":34}},"loc":{"start":{"line":8,"column":48},"end":{"line":11,"column":1}}}},"branchMap":{},"s":{"0":3,"1":3,"2":3,"3":3,"4":3,"5":2,"6":2,"7":3},"f":{"0":2},"b":{}}
,"/home/runner/work/TiM/TiM/backend/src/routes/sap.ts": {"path":"/home/runner/work/TiM/TiM/backend/src/routes/sap.ts","statementMap":{"0":{"start":{"line":1,"column":0},"end":{"line":1,"column":33}},"1":{"start":{"line":2,"column":0},"end":{"line":2,"column":65}},"2":{"start":{"line":3,"column":0},"end":{"line":3,"column":24}},"3":{"start":{"line":4,"column":0},"end":{"line":4,"column":null}},"4":{"start":{"line":12,"column":15},"end":{"line":12,"column":23}},"5":{"start":{"line":20,"column":0},"end":{"line":23,"column":3}},"6":{"start":{"line":21,"column":17},"end":{"line":21,"column":58}},"7":{"start":{"line":22,"column":2},"end":{"line":22,"column":53}},"8":{"start":{"line":26,"column":0},"end":{"line":32,"column":3}},"9":{"start":{"line":27,"column":20},"end":{"line":27,"column":61}},"10":{"start":{"line":28,"column":2},"end":{"line":31,"column":5}},"11":{"start":{"line":35,"column":0},"end":{"line":47,"column":3}},"12":{"start":{"line":36,"column":33},"end":{"line":36,"column":42}},"13":{"start":{"line":38,"column":18},"end":{"line":41,"column":4}},"14":{"start":{"line":43,"column":2},"end":{"line":46,"column":5}},"15":{"start":{"line":50,"column":0},"end":{"line":67,"column":3}},"16":{"start":{"line":51,"column":23},"end":{"line":51,"column":32}},"17":{"start":{"line":54,"column":2},"end":{"line":59,"column":3}},"18":{"start":{"line":55,"column":4},"end":{"line":55,"column":36}},"19":{"start":{"line":56,"column":4},"end":{"line":58,"column":5}},"20":{"start":{"line":57,"column":6},"end":{"line":57,"column":96}},"21":{"start":{"line":61,"column":20},"end":{"line":61,"column":73}},"22":{"start":{"line":63,"column":2},"end":{"line":66,"column":5}},"23":{"start":{"line":70,"column":27},"end":{"line":74,"column":2}},"24":{"start":{"line":76,"column":0},"end":{"line":92,"column":2}},"25":{"start":{"line":81,"column":18},"end":{"line":81,"column":56}},"26":{"start":{"line":82,"column":4},"end":{"line":87,"column":5}},"27":{"start":{"line":83,"column":6},"end":{"line":86,"column":9}},"28":{"start":{"line":89,"column":19},"end":{"line":89,"column":76}},"29":{"start":{"line":90,"column":4},"end":{"line":90,"column":55}},"30":{"start":{"line":94,"column":0},"end":{"line":94,"column":22}}},"fnMap":{"0":{"name":"(anonymous_0)","decl":{"start":{"line":20,"column":34},"end":{"line":20,"column":39}},"loc":{"start":{"line":20,"column":53},"end":{"line":23,"column":1}}},"1":{"name":"(anonymous_1)","decl":{"start":{"line":26,"column":38},"end":{"line":26,"column":43}},"loc":{"start":{"line":26,"column":57},"end":{"line":32,"column":1}}},"2":{"name":"(anonymous_2)","decl":{"start":{"line":35,"column":36},"end":{"line":35,"column":41}},"loc":{"start":{"line":35,"column":55},"end":{"line":47,"column":1}}},"3":{"name":"(anonymous_3)","decl":{"start":{"line":50,"column":38},"end":{"line":50,"column":43}},"loc":{"start":{"line":50,"column":57},"end":{"line":67,"column":1}}},"4":{"name":"(anonymous_4)","decl":{"start":{"line":80,"column":2},"end":{"line":80,"column":7}},"loc":{"start":{"line":80,"column":21},"end":{"line":91,"column":3}}}},"branchMap":{"0":{"loc":{"start":{"line":54,"column":2},"end":{"line":59,"column":3}},"type":"if","locations":[{"start":{"line":54,"column":2},"end":{"line":59,"column":3}}]},"1":{"loc":{"start":{"line":54,"column":6},"end":{"line":54,"column":46}},"type":"binary-expr","locations":[{"start":{"line":54,"column":6},"end":{"line":54,"column":14}},{"start":{"line":54,"column":18},"end":{"line":54,"column":46}}]},"2":{"loc":{"start":{"line":56,"column":4},"end":{"line":58,"column":5}},"type":"if","locations":[{"start":{"line":56,"column":4},"end":{"line":58,"column":5}}]},"3":{"loc":{"start":{"line":82,"column":4},"end":{"line":87,"column":5}},"type":"if","locations":[{"start":{"line":82,"column":4},"end":{"line":87,"column":5}}]}},"s":{"0":3,"1":3,"2":3,"3":3,"4":3,"5":3,"6":0,"7":0,"8":3,"9":0,"10":0,"11":3,"12":0,"13":0,"14":0,"15":3,"16":0,"17":0,"18":0,"19":0,"20":0,"21":0,"22":0,"23":3,"24":3,"25":0,"26":0,"27":0,"28":0,"29":0,"30":3},"f":{"0":0,"1":0,"2":0,"3":0,"4":0},"b":{"0":[0],"1":[0,0],"2":[0],"3":[0]}}
,"/home/runner/work/TiM/TiM/backend/src/routes/sapMiddleware.ts": {"path":"/home/runner/work/TiM/TiM/backend/src/routes/sapMiddleware.ts","statementMap":{"0":{"start":{"line":1,"column":0},"end":{"line":1,"column":33}},"1":{"start":{"line":2,"column":0},"end":{"line":2,"column":65}},"2":{"start":{"line":3,"column":0},"end":{"line":3,"column":24}},"3":{"start":{"line":4,"column":0},"end":{"line":4,"column":null}},"4":{"start":{"line":12,"column":15},"end":{"line":12,"column":23}},"5":{"start":{"line":20,"column":0},"end":{"line":23,"column":3}},"6":{"start":{"line":21,"column":17},"end":{"line":21,"column":62}},"7":{"start":{"line":22,"column":2},"end":{"line":22,"column":53}},"8":{"start":{"line":26,"column":0},"end":{"line":29,"column":3}},"9":{"start":{"line":27,"column":17},"end":{"line":27,"column":49}},"10":{"start":{"line":28,"column":2},"end":{"line":28,"column":53}},"11":{"start":{"line":32,"column":22},"end":{"line":32,"column":62}},"12":{"start":{"line":34,"column":0},"end":{"line":41,"column":3}},"13":{"start":{"line":35,"column":16},"end":{"line":35,"column":51}},"14":{"start":{"line":36,"column":2},"end":{"line":38,"column":3}},"15":{"start":{"line":37,"column":4},"end":{"line":37,"column":65}},"16":{"start":{"line":39,"column":17},"end":{"line":39,"column":74}},"17":{"start":{"line":40,"column":2},"end":{"line":40,"column":53}},"18":{"start":{"line":44,"column":0},"end":{"line":57,"column":3}},"19":{"start":{"line":45,"column":16},"end":{"line":45,"column":51}},"20":{"start":{"line":46,"column":2},"end":{"line":48,"column":3}},"21":{"start":{"line":47,"column":4},"end":{"line":47,"column":65}},"22":{"start":{"line":49,"column":17},"end":{"line":49,"column":74}},"23":{"start":{"line":50,"column":2},"end":{"line":52,"column":3}},"24":{"start":{"line":51,"column":4},"end":{"line":51,"column":55}},"25":{"start":{"line":53,"column":15},"end":{"line":53,"column":43}},"26":{"start":{"line":54,"column":14},"end":{"line":54,"column":38}},"27":{"start":{"line":55,"column":2},"end":{"line":55,"column":51}},"28":{"start":{"line":56,"column":2},"end":{"line":56,"column":35}},"29":{"start":{"line":60,"column":25},"end":{"line":60,"column":68}},"30":{"start":{"line":62,"column":0},"end":{"line":69,"column":3}},"31":{"start":{"line":63,"column":16},"end":{"line":63,"column":54}},"32":{"start":{"line":64,"column":2},"end":{"line":66,"column":3}},"33":{"start":{"line":65,"column":4},"end":{"line":65,"column":68}},"34":{"start":{"line":67,"column":17},"end":{"line":67,"column":80}},"35":{"start":{"line":68,"column":2},"end":{"line":68,"column":53}},"36":{"start":{"line":72,"column":0},"end":{"line":85,"column":3}},"37":{"start":{"line":73,"column":16},"end":{"line":73,"column":54}},"38":{"start":{"line":74,"column":2},"end":{"line":76,"column":3}},"39":{"start":{"line":75,"column":4},"end":{"line":75,"column":68}},"40":{"start":{"line":77,"column":17},"end":{"line":77,"column":80}},"41":{"start":{"line":78,"column":2},"end":{"line":80,"column":3}},"42":{"start":{"line":79,"column":4},"end":{"line":79,"column":55}},"43":{"start":{"line":81,"column":15},"end":{"line":81,"column":43}},"44":{"start":{"line":82,"column":14},"end":{"line":82,"column":38}},"45":{"start":{"line":83,"column":2},"end":{"line":83,"column":51}},"46":{"start":{"line":84,"column":2},"end":{"line":84,"column":35}},"47":{"start":{"line":87,"column":0},"end":{"line":87,"column":22}}},"fnMap":{"0":{"name":"(anonymous_0)","decl":{"start":{"line":20,"column":73},"end":{"line":20,"column":78}},"loc":{"start":{"line":20,"column":92},"end":{"line":23,"column":1}}},"1":{"name":"(anonymous_1)","decl":{"start":{"line":26,"column":59},"end":{"line":26,"column":64}},"loc":{"start":{"line":26,"column":78},"end":{"line":29,"column":1}}},"2":{"name":"(anonymous_2)","decl":{"start":{"line":34,"column":86},"end":{"line":34,"column":91}},"loc":{"start":{"line":34,"column":105},"end":{"line":41,"column":1}}},"3":{"name":"(anonymous_3)","decl":{"start":{"line":44,"column":90},"end":{"line":44,"column":95}},"loc":{"start":{"line":44,"column":109},"end":{"line":57,"column":1}}},"4":{"name":"(anonymous_4)","decl":{"start":{"line":62,"column":92},"end":{"line":62,"column":97}},"loc":{"start":{"line":62,"column":111},"end":{"line":69,"column":1}}},"5":{"name":"(anonymous_5)","decl":{"start":{"line":72,"column":96},"end":{"line":72,"column":101}},"loc":{"start":{"line":72,"column":115},"end":{"line":85,"column":1}}}},"branchMap":{"0":{"loc":{"start":{"line":36,"column":2},"end":{"line":38,"column":3}},"type":"if","locations":[{"start":{"line":36,"column":2},"end":{"line":38,"column":3}}]},"1":{"loc":{"start":{"line":46,"column":2},"end":{"line":48,"column":3}},"type":"if","locations":[{"start":{"line":46,"column":2},"end":{"line":48,"column":3}}]},"2":{"loc":{"start":{"line":50,"column":2},"end":{"line":52,"column":3}},"type":"if","locations":[{"start":{"line":50,"column":2},"end":{"line":52,"column":3}}]},"3":{"loc":{"start":{"line":64,"column":2},"end":{"line":66,"column":3}},"type":"if","locations":[{"start":{"line":64,"column":2},"end":{"line":66,"column":3}}]},"4":{"loc":{"start":{"line":74,"column":2},"end":{"line":76,"column":3}},"type":"if","locations":[{"start":{"line":74,"column":2},"end":{"line":76,"column":3}}]},"5":{"loc":{"start":{"line":78,"column":2},"end":{"line":80,"column":3}},"type":"if","locations":[{"start":{"line":78,"column":2},"end":{"line":80,"column":3}}]}},"s":{"0":3,"1":3,"2":3,"3":3,"4":3,"5":3,"6":0,"7":0,"8":3,"9":0,"10":0,"11":3,"12":3,"13":0,"14":0,"15":0,"16":0,"17":0,"18":3,"19":0,"20":0,"21":0,"22":0,"23":0,"24":0,"25":0,"26":0,"27":0,"28":0,"29":3,"30":3,"31":0,"32":0,"33":0,"34":0,"35":0,"36":3,"37":0,"38":0,"39":0,"40":0,"41":0,"42":0,"43":0,"44":0,"45":0,"46":0,"47":3},"f":{"0":0,"1":0,"2":0,"3":0,"4":0,"5":0},"b":{"0":[0],"1":[0],"2":[0],"3":[0],"4":[0],"5":[0]}}
,"/home/runner/work/TiM/TiM/backend/src/routes/workOrders.ts": {"path":"/home/runner/work/TiM/TiM/backend/src/routes/workOrders.ts","statementMap":{"0":{"start":{"line":1,"column":0},"end":{"line":1,"column":33}},"1":{"start":{"line":2,"column":0},"end":{"line":2,"column":65}},"2":{"start":{"line":3,"column":0},"end":{"line":3,"column":74}},"3":{"start":{"line":5,"column":15},"end":{"line":5,"column":23}},"4":{"start":{"line":7,"column":0},"end":{"line":12,"column":2}},"5":{"start":{"line":14,"column":0},"end":{"line":14,"column":22}}},"fnMap":{},"branchMap":{},"s":{"0":3,"1":3,"2":3,"3":3,"4":3,"5":3},"f":{},"b":{}}
,"/home/runner/work/TiM/TiM/backend/src/services/labReportService.ts": {"path":"/home/runner/work/TiM/TiM/backend/src/services/labReportService.ts","statementMap":{"0":{"start":{"line":4,"column":0},"end":{"line":4,"column":7}},"1":{"start":{"line":67,"column":0},"end":{"line":67,"column":7}},"2":{"start":{"line":1,"column":0},"end":{"line":1,"column":45}},"3":{"start":{"line":2,"column":0},"end":{"line":2,"column":53}},"4":{"start":{"line":13,"column":16},"end":{"line":15,"column":4}},"5":{"start":{"line":16,"column":2},"end":{"line":16,"column":75}},"6":{"start":{"line":16,"column":14},"end":{"line":16,"column":75}},"7":{"start":{"line":18,"column":17},"end":{"line":28,"column":4}},"8":{"start":{"line":30,"column":2},"end":{"line":35,"column":3}},"9":{"start":{"line":31,"column":4},"end":{"line":34,"column":7}},"10":{"start":{"line":38,"column":2},"end":{"line":62,"column":5}},"11":{"start":{"line":52,"column":4},"end":{"line":59,"column":5}},"12":{"start":{"line":53,"column":6},"end":{"line":58,"column":9}},"13":{"start":{"line":57,"column":8},"end":{"line":57,"column":76}},"14":{"start":{"line":61,"column":4},"end":{"line":61,"column":67}},"15":{"start":{"line":64,"column":2},"end":{"line":64,"column":43}},"16":{"start":{"line":73,"column":17},"end":{"line":76,"column":4}},"17":{"start":{"line":77,"column":2},"end":{"line":77,"column":81}},"18":{"start":{"line":77,"column":15},"end":{"line":77,"column":81}},"19":{"start":{"line":78,"column":2},"end":{"line":78,"column":86}},"20":{"start":{"line":78,"column":22},"end":{"line":78,"column":86}},"21":{"start":{"line":80,"column":18},"end":{"line":87,"column":4}},"22":{"start":{"line":89,"column":2},"end":{"line":113,"column":5}},"23":{"start":{"line":103,"column":4},"end":{"line":110,"column":5}},"24":{"start":{"line":104,"column":6},"end":{"line":109,"column":9}},"25":{"start":{"line":108,"column":8},"end":{"line":108,"column":74}},"26":{"start":{"line":112,"column":4},"end":{"line":112,"column":65}},"27":{"start":{"line":115,"column":2},"end":{"line":115,"column":44}}},"fnMap":{"0":{"name":"submitLabReport","decl":{"start":{"line":4,"column":22},"end":{"line":4,"column":37}},"loc":{"start":{"line":12,"column":1},"end":{"line":65,"column":1}}},"1":{"name":"(anonymous_1)","decl":{"start":{"line":51,"column":10},"end":{"line":51,"column":11}},"loc":{"start":{"line":51,"column":23},"end":{"line":60,"column":3}}},"2":{"name":"(anonymous_2)","decl":{"start":{"line":56,"column":15},"end":{"line":56,"column":16}},"loc":{"start":{"line":56,"column":23},"end":{"line":58,"column":7}}},"3":{"name":"(anonymous_3)","decl":{"start":{"line":60,"column":11},"end":{"line":60,"column":12}},"loc":{"start":{"line":60,"column":19},"end":{"line":62,"column":3}}},"4":{"name":"signoffLabReport","decl":{"start":{"line":67,"column":22},"end":{"line":67,"column":38}},"loc":{"start":{"line":72,"column":1},"end":{"line":116,"column":1}}},"5":{"name":"(anonymous_5)","decl":{"start":{"line":102,"column":10},"end":{"line":102,"column":11}},"loc":{"start":{"line":102,"column":23},"end":{"line":111,"column":3}}},"6":{"name":"(anonymous_6)","decl":{"start":{"line":107,"column":15},"end":{"line":107,"column":16}},"loc":{"start":{"line":107,"column":23},"end":{"line":109,"column":7}}},"7":{"name":"(anonymous_7)","decl":{"start":{"line":111,"column":11},"end":{"line":111,"column":12}},"loc":{"start":{"line":111,"column":19},"end":{"line":113,"column":3}}}},"branchMap":{"0":{"loc":{"start":{"line":16,"column":2},"end":{"line":16,"column":75}},"type":"if","locations":[{"start":{"line":16,"column":2},"end":{"line":16,"column":75}}]},"1":{"loc":{"start":{"line":30,"column":2},"end":{"line":35,"column":3}},"type":"if","locations":[{"start":{"line":30,"column":2},"end":{"line":35,"column":3}}]},"2":{"loc":{"start":{"line":52,"column":4},"end":{"line":59,"column":5}},"type":"if","locations":[{"start":{"line":52,"column":4},"end":{"line":59,"column":5}}]},"3":{"loc":{"start":{"line":77,"column":2},"end":{"line":77,"column":81}},"type":"if","locations":[{"start":{"line":77,"column":2},"end":{"line":77,"column":81}}]},"4":{"loc":{"start":{"line":78,"column":2},"end":{"line":78,"column":86}},"type":"if","locations":[{"start":{"line":78,"column":2},"end":{"line":78,"column":86}}]},"5":{"loc":{"start":{"line":103,"column":4},"end":{"line":110,"column":5}},"type":"if","locations":[{"start":{"line":103,"column":4},"end":{"line":110,"column":5}}]}},"s":{"0":3,"1":3,"2":3,"3":3,"4":0,"5":0,"6":0,"7":0,"8":0,"9":0,"10":0,"11":0,"12":0,"13":0,"14":0,"15":0,"16":0,"17":0,"18":0,"19":0,"20":0,"21":0,"22":0,"23":0,"24":0,"25":0,"26":0,"27":0},"f":{"0":0,"1":0,"2":0,"3":0,"4":0,"5":0,"6":0,"7":0},"b":{"0":[0],"1":[0],"2":[0],"3":[0],"4":[0],"5":[0]}}
,"/home/runner/work/TiM/TiM/backend/src/services/movementService.ts": {"path":"/home/runner/work/TiM/TiM/backend/src/services/movementService.ts","statementMap":{"0":{"start":{"line":5,"column":0},"end":{"line":5,"column":7}},"1":{"start":{"line":1,"column":0},"end":{"line":1,"column":45}},"2":{"start":{"line":2,"column":0},"end":{"line":2,"column":53}},"3":{"start":{"line":3,"column":0},"end":{"line":3,"column":65}},"4":{"start":{"line":14,"column":16},"end":{"line":16,"column":4}},"5":{"start":{"line":17,"column":2},"end":{"line":17,"column":75}},"6":{"start":{"line":17,"column":14},"end":{"line":17,"column":75}},"7":{"start":{"line":19,"column":21},"end":{"line":38,"column":4}},"8":{"start":{"line":41,"column":2},"end":{"line":65,"column":5}},"9":{"start":{"line":55,"column":4},"end":{"line":62,"column":5}},"10":{"start":{"line":56,"column":6},"end":{"line":61,"column":9}},"11":{"start":{"line":60,"column":8},"end":{"line":60,"column":75}},"12":{"start":{"line":64,"column":4},"end":{"line":64,"column":66}},"13":{"start":{"line":67,"column":2},"end":{"line":67,"column":34}},"14":{"start":{"line":69,"column":2},"end":{"line":82,"column":4}}},"fnMap":{"0":{"name":"logMovement","decl":{"start":{"line":5,"column":22},"end":{"line":5,"column":33}},"loc":{"start":{"line":13,"column":1},"end":{"line":83,"column":1}}},"1":{"name":"(anonymous_1)","decl":{"start":{"line":54,"column":10},"end":{"line":54,"column":11}},"loc":{"start":{"line":54,"column":23},"end":{"line":63,"column":3}}},"2":{"name":"(anonymous_2)","decl":{"start":{"line":59,"column":15},"end":{"line":59,"column":16}},"loc":{"start":{"line":59,"column":23},"end":{"line":61,"column":7}}},"3":{"name":"(anonymous_3)","decl":{"start":{"line":63,"column":11},"end":{"line":63,"column":12}},"loc":{"start":{"line":63,"column":19},"end":{"line":65,"column":3}}}},"branchMap":{"0":{"loc":{"start":{"line":17,"column":2},"end":{"line":17,"column":75}},"type":"if","locations":[{"start":{"line":17,"column":2},"end":{"line":17,"column":75}}]},"1":{"loc":{"start":{"line":55,"column":4},"end":{"line":62,"column":5}},"type":"if","locations":[{"start":{"line":55,"column":4},"end":{"line":62,"column":5}}]}},"s":{"0":3,"1":3,"2":3,"3":3,"4":0,"5":0,"6":0,"7":0,"8":0,"9":0,"10":0,"11":0,"12":0,"13":0,"14":0},"f":{"0":0,"1":0,"2":0,"3":0},"b":{"0":[0],"1":[0]}}
,"/home/runner/work/TiM/TiM/backend/src/services/olympusBridge.ts": {"path":"/home/runner/work/TiM/TiM/backend/src/services/olympusBridge.ts","statementMap":{"0":{"start":{"line":3,"column":0},"end":{"line":3,"column":7}},"1":{"start":{"line":1,"column":20},"end":{"line":1,"column":49}},"2":{"start":{"line":9,"column":2},"end":{"line":9,"column":32}},"3":{"start":{"line":9,"column":20},"end":{"line":9,"column":32}},"4":{"start":{"line":10,"column":2},"end":{"line":22,"column":3}},"5":{"start":{"line":11,"column":16},"end":{"line":16,"column":6}},"6":{"start":{"line":17,"column":4},"end":{"line":17,"column":29}},"7":{"start":{"line":17,"column":17},"end":{"line":17,"column":29}},"8":{"start":{"line":18,"column":17},"end":{"line":18,"column":59}},"9":{"start":{"line":19,"column":4},"end":{"line":19,"column":34}},"10":{"start":{"line":21,"column":4},"end":{"line":21,"column":16}}},"fnMap":{"0":{"name":"commitToOlympus","decl":{"start":{"line":3,"column":22},"end":{"line":3,"column":37}},"loc":{"start":{"line":8,"column":1},"end":{"line":23,"column":1}}}},"branchMap":{"0":{"loc":{"start":{"line":1,"column":20},"end":{"line":1,"column":49}},"type":"binary-expr","locations":[{"start":{"line":1,"column":20},"end":{"line":1,"column":43}},{"start":{"line":1,"column":47},"end":{"line":1,"column":49}}]},"1":{"loc":{"start":{"line":9,"column":2},"end":{"line":9,"column":32}},"type":"if","locations":[{"start":{"line":9,"column":2},"end":{"line":9,"column":32}}]},"2":{"loc":{"start":{"line":17,"column":4},"end":{"line":17,"column":29}},"type":"if","locations":[{"start":{"line":17,"column":4},"end":{"line":17,"column":29}}]},"3":{"loc":{"start":{"line":19,"column":11},"end":{"line":19,"column":33}},"type":"binary-expr","locations":[{"start":{"line":19,"column":11},"end":{"line":19,"column":25}},{"start":{"line":19,"column":29},"end":{"line":19,"column":33}}]}},"s":{"0":3,"1":3,"2":0,"3":0,"4":0,"5":0,"6":0,"7":0,"8":0,"9":0,"10":0},"f":{"0":0},"b":{"0":[3,3],"1":[0],"2":[0],"3":[0,0]}}
,"/home/runner/work/TiM/TiM/backend/src/services/queueService.ts": {"path":"/home/runner/work/TiM/TiM/backend/src/services/queueService.ts","statementMap":{"0":{"start":{"line":3,"column":0},"end":{"line":3,"column":7}},"1":{"start":{"line":1,"column":0},"end":{"line":1,"column":45}},"2":{"start":{"line":4,"column":22},"end":{"line":14,"column":4}},"3":{"start":{"line":16,"column":2},"end":{"line":30,"column":6}},"4":{"start":{"line":16,"column":34},"end":{"line":30,"column":4}},"5":{"start":{"line":21,"column":43},"end":{"line":21,"column":65}},"6":{"start":{"line":22,"column":36},"end":{"line":29,"column":6}}},"fnMap":{"0":{"name":"getQueueSnapshot","decl":{"start":{"line":3,"column":22},"end":{"line":3,"column":38}},"loc":{"start":{"line":3,"column":55},"end":{"line":31,"column":1}}},"1":{"name":"(anonymous_1)","decl":{"start":{"line":16,"column":25},"end":{"line":16,"column":26}},"loc":{"start":{"line":16,"column":34},"end":{"line":30,"column":4}}},"2":{"name":"(anonymous_2)","decl":{"start":{"line":21,"column":36},"end":{"line":21,"column":37}},"loc":{"start":{"line":21,"column":43},"end":{"line":21,"column":65}}},"3":{"name":"(anonymous_3)","decl":{"start":{"line":22,"column":28},"end":{"line":22,"column":29}},"loc":{"start":{"line":22,"column":36},"end":{"line":29,"column":6}}}},"branchMap":{},"s":{"0":3,"1":3,"2":2,"3":2,"4":2,"5":1,"6":1},"f":{"0":2,"1":2,"2":1,"3":1},"b":{}}
,"/home/runner/work/TiM/TiM/backend/src/services/sapIntegrationService.ts": {"path":"/home/runner/work/TiM/TiM/backend/src/services/sapIntegrationService.ts","statementMap":{"0":{"start":{"line":9,"column":0},"end":{"line":9,"column":7}},"1":{"start":{"line":25,"column":0},"end":{"line":25,"column":7}},"2":{"start":{"line":66,"column":0},"end":{"line":66,"column":7}},"3":{"start":{"line":104,"column":0},"end":{"line":104,"column":7}},"4":{"start":{"line":134,"column":0},"end":{"line":134,"column":7}},"5":{"start":{"line":1,"column":0},"end":{"line":1,"column":45}},"6":{"start":{"line":10,"column":20},"end":{"line":13,"column":4}},"7":{"start":{"line":15,"column":2},"end":{"line":21,"column":6}},"8":{"start":{"line":15,"column":29},"end":{"line":21,"column":4}},"9":{"start":{"line":29,"column":27},"end":{"line":29,"column":39}},"10":{"start":{"line":31,"column":2},"end":{"line":33,"column":3}},"11":{"start":{"line":32,"column":4},"end":{"line":32,"column":40}},"12":{"start":{"line":35,"column":18},"end":{"line":42,"column":4}},"13":{"start":{"line":45,"column":24},"end":{"line":45,"column":31}},"14":{"start":{"line":46,"column":2},"end":{"line":48,"column":3}},"15":{"start":{"line":47,"column":4},"end":{"line":47,"column":88}},"16":{"start":{"line":47,"column":42},"end":{"line":47,"column":86}},"17":{"start":{"line":50,"column":2},"end":{"line":62,"column":6}},"18":{"start":{"line":50,"column":35},"end":{"line":62,"column":4}},"19":{"start":{"line":67,"column":27},"end":{"line":67,"column":39}},"20":{"start":{"line":69,"column":2},"end":{"line":71,"column":3}},"21":{"start":{"line":70,"column":4},"end":{"line":70,"column":44}},"22":{"start":{"line":73,"column":20},"end":{"line":86,"column":4}},"23":{"start":{"line":88,"column":2},"end":{"line":100,"column":6}},"24":{"start":{"line":88,"column":29},"end":{"line":100,"column":4}},"25":{"start":{"line":105,"column":17},"end":{"line":112,"column":4}},"26":{"start":{"line":114,"column":2},"end":{"line":116,"column":3}},"27":{"start":{"line":115,"column":4},"end":{"line":115,"column":66}},"28":{"start":{"line":118,"column":2},"end":{"line":130,"column":4}},"29":{"start":{"line":124,"column":49},"end":{"line":128,"column":8}},"30":{"start":{"line":140,"column":19},"end":{"line":145,"column":4}},"31":{"start":{"line":147,"column":2},"end":{"line":157,"column":3}},"32":{"start":{"line":149,"column":20},"end":{"line":155,"column":6}},"33":{"start":{"line":156,"column":4},"end":{"line":156,"column":72}},"34":{"start":{"line":160,"column":18},"end":{"line":167,"column":4}},"35":{"start":{"line":169,"column":2},"end":{"line":169,"column":69}}},"fnMap":{"0":{"name":"getSAPMaterials","decl":{"start":{"line":9,"column":22},"end":{"line":9,"column":37}},"loc":{"start":{"line":9,"column":54},"end":{"line":22,"column":1}}},"1":{"name":"(anonymous_1)","decl":{"start":{"line":15,"column":23},"end":{"line":15,"column":24}},"loc":{"start":{"line":15,"column":29},"end":{"line":21,"column":4}}},"2":{"name":"getSAPBatches","decl":{"start":{"line":25,"column":22},"end":{"line":25,"column":35}},"loc":{"start":{"line":28,"column":1},"end":{"line":63,"column":1}}},"3":{"name":"(anonymous_3)","decl":{"start":{"line":47,"column":37},"end":{"line":47,"column":38}},"loc":{"start":{"line":47,"column":42},"end":{"line":47,"column":86}}},"4":{"name":"(anonymous_4)","decl":{"start":{"line":50,"column":29},"end":{"line":50,"column":30}},"loc":{"start":{"line":50,"column":35},"end":{"line":62,"column":4}}},"5":{"name":"getSAPMovements","decl":{"start":{"line":66,"column":22},"end":{"line":66,"column":37}},"loc":{"start":{"line":66,"column":71},"end":{"line":101,"column":1}}},"6":{"name":"(anonymous_6)","decl":{"start":{"line":88,"column":23},"end":{"line":88,"column":24}},"loc":{"start":{"line":88,"column":29},"end":{"line":100,"column":4}}},"7":{"name":"getSAPPlantInfo","decl":{"start":{"line":104,"column":22},"end":{"line":104,"column":37}},"loc":{"start":{"line":104,"column":54},"end":{"line":131,"column":1}}},"8":{"name":"(anonymous_8)","decl":{"start":{"line":124,"column":42},"end":{"line":124,"column":44}},"loc":{"start":{"line":124,"column":49},"end":{"line":128,"column":8}}},"9":{"name":"syncMaterialFromSAP","decl":{"start":{"line":134,"column":22},"end":{"line":134,"column":41}},"loc":{"start":{"line":138,"column":1},"end":{"line":170,"column":1}}}},"branchMap":{"0":{"loc":{"start":{"line":16,"column":20},"end":{"line":16,"column":45}},"type":"binary-expr","locations":[{"start":{"line":16,"column":20},"end":{"line":16,"column":39}},{"start":{"line":16,"column":43},"end":{"line":16,"column":45}}]},"1":{"loc":{"start":{"line":31,"column":2},"end":{"line":33,"column":3}},"type":"if","locations":[{"start":{"line":31,"column":2},"end":{"line":33,"column":3}}]},"2":{"loc":{"start":{"line":46,"column":2},"end":{"line":48,"column":3}},"type":"if","locations":[{"start":{"line":46,"column":2},"end":{"line":48,"column":3}}]},"3":{"loc":{"start":{"line":52,"column":20},"end":{"line":52,"column":54}},"type":"binary-expr","locations":[{"start":{"line":52,"column":20},"end":{"line":52,"column":48}},{"start":{"line":52,"column":52},"end":{"line":52,"column":54}}]},"4":{"loc":{"start":{"line":69,"column":2},"end":{"line":71,"column":3}},"type":"if","locations":[{"start":{"line":69,"column":2},"end":{"line":71,"column":3}}]},"5":{"loc":{"start":{"line":91,"column":20},"end":{"line":91,"column":60}},"type":"binary-expr","locations":[{"start":{"line":91,"column":20},"end":{"line":91,"column":54}},{"start":{"line":91,"column":58},"end":{"line":91,"column":60}}]},"6":{"loc":{"start":{"line":98,"column":11},"end":{"line":98,"column":24}},"type":"binary-expr","locations":[{"start":{"line":98,"column":11},"end":{"line":98,"column":18}},{"start":{"line":98,"column":22},"end":{"line":98,"column":24}}]},"7":{"loc":{"start":{"line":99,"column":21},"end":{"line":99,"column":44}},"type":"binary-expr","locations":[{"start":{"line":99,"column":21},"end":{"line":99,"column":38}},{"start":{"line":99,"column":42},"end":{"line":99,"column":44}}]},"8":{"loc":{"start":{"line":114,"column":2},"end":{"line":116,"column":3}},"type":"if","locations":[{"start":{"line":114,"column":2},"end":{"line":116,"column":3}}]},"9":{"loc":{"start":{"line":121,"column":17},"end":{"line":121,"column":42}},"type":"binary-expr","locations":[{"start":{"line":121,"column":17},"end":{"line":121,"column":36}},{"start":{"line":121,"column":40},"end":{"line":121,"column":42}}]},"10":{"loc":{"start":{"line":127,"column":21},"end":{"line":127,"column":41}},"type":"binary-expr","locations":[{"start":{"line":127,"column":21},"end":{"line":127,"column":35}},{"start":{"line":127,"column":39},"end":{"line":127,"column":41}}]},"11":{"loc":{"start":{"line":147,"column":2},"end":{"line":157,"column":3}},"type":"if","locations":[{"start":{"line":147,"column":2},"end":{"line":157,"column":3}}]}},"s":{"0":3,"1":3,"2":3,"3":3,"4":3,"5":3,"6":0,"7":0,"8":0,"9":0,"10":0,"11":0,"12":0,"13":0,"14":0,"15":0,"16":0,"17":0,"18":0,"19":0,"20":0,"21":0,"22":0,"23":0,"24":0,"25":0,"26":0,"27":0,"28":0,"29":0,"30":0,"31":0,"32":0,"33":0,"34":0,"35":0},"f":{"0":0,"1":0,"2":0,"3":0,"4":0,"5":0,"6":0,"7":0,"8":0,"9":0},"b":{"0":[0,0],"1":[0],"2":[0],"3":[0,0],"4":[0],"5":[0,0],"6":[0,0],"7":[0,0],"8":[0],"9":[0,0],"10":[0,0],"11":[0]}}
,"/home/runner/work/TiM/TiM/backend/src/services/sapMiddlewareService.ts": {"path":"/home/runner/work/TiM/TiM/backend/src/services/sapMiddlewareService.ts","statementMap":{"0":{"start":{"line":48,"column":0},"end":{"line":48,"column":7}},"1":{"start":{"line":86,"column":0},"end":{"line":86,"column":7}},"2":{"start":{"line":141,"column":0},"end":{"line":141,"column":7}},"3":{"start":{"line":203,"column":0},"end":{"line":203,"column":7}},"4":{"start":{"line":250,"column":0},"end":{"line":250,"column":16}},"5":{"start":{"line":1,"column":0},"end":{"line":1,"column":45}},"6":{"start":{"line":40,"column":2},"end":{"line":40,"column":59}},"7":{"start":{"line":52,"column":17},"end":{"line":52,"column":76}},"8":{"start":{"line":53,"column":2},"end":{"line":55,"column":3}},"9":{"start":{"line":54,"column":4},"end":{"line":54,"column":66}},"10":{"start":{"line":58,"column":38},"end":{"line":64,"column":4}},"11":{"start":{"line":66,"column":2},"end":{"line":78,"column":4}},"12":{"start":{"line":90,"column":16},"end":{"line":96,"column":4}},"13":{"start":{"line":98,"column":2},"end":{"line":100,"column":3}},"14":{"start":{"line":99,"column":4},"end":{"line":99,"column":65}},"15":{"start":{"line":102,"column":28},"end":{"line":133,"column":4}},"16":{"start":{"line":135,"column":2},"end":{"line":135,"column":41}},"17":{"start":{"line":145,"column":19},"end":{"line":154,"column":4}},"18":{"start":{"line":156,"column":2},"end":{"line":158,"column":3}},"19":{"start":{"line":157,"column":4},"end":{"line":157,"column":68}},"20":{"start":{"line":160,"column":28},"end":{"line":193,"column":4}},"21":{"start":{"line":195,"column":2},"end":{"line":195,"column":41}},"22":{"start":{"line":207,"column":24},"end":{"line":207,"column":54}},"23":{"start":{"line":208,"column":2},"end":{"line":217,"column":3}},"24":{"start":{"line":209,"column":4},"end":{"line":216,"column":6}},"25":{"start":{"line":219,"column":2},"end":{"line":242,"column":3}},"26":{"start":{"line":220,"column":16},"end":{"line":223,"column":6}},"27":{"start":{"line":224,"column":4},"end":{"line":232,"column":6}},"28":{"start":{"line":234,"column":4},"end":{"line":241,"column":6}},"29":{"start":{"line":251,"column":24},"end":{"line":259,"column":3}},"30":{"start":{"line":252,"column":19},"end":{"line":254,"column":17}},"31":{"start":{"line":253,"column":23},"end":{"line":253,"column":64}},"32":{"start":{"line":255,"column":21},"end":{"line":257,"column":10}},"33":{"start":{"line":256,"column":30},"end":{"line":256,"column":61}},"34":{"start":{"line":258,"column":4},"end":{"line":258,"column":85}},"35":{"start":{"line":261,"column":19},"end":{"line":261,"column":78}},"36":{"start":{"line":261,"column":42},"end":{"line":261,"column":66}},"37":{"start":{"line":263,"column":2},"end":{"line":276,"column":9}},"38":{"start":{"line":280,"column":2},"end":{"line":285,"column":29}}},"fnMap":{"0":{"name":"formatSAPDate","decl":{"start":{"line":39,"column":9},"end":{"line":39,"column":22}},"loc":{"start":{"line":39,"column":33},"end":{"line":41,"column":1}}},"1":{"name":"getMiddlewareConfig","decl":{"start":{"line":48,"column":22},"end":{"line":48,"column":41}},"loc":{"start":{"line":48,"column":58},"end":{"line":79,"column":1}}},"2":{"name":"batchToIDoc","decl":{"start":{"line":86,"column":22},"end":{"line":86,"column":33}},"loc":{"start":{"line":86,"column":67},"end":{"line":136,"column":1}}},"3":{"name":"movementToIDoc","decl":{"start":{"line":141,"column":22},"end":{"line":141,"column":36}},"loc":{"start":{"line":141,"column":73},"end":{"line":196,"column":1}}},"4":{"name":"testMiddlewareConnection","decl":{"start":{"line":203,"column":22},"end":{"line":203,"column":46}},"loc":{"start":{"line":203,"column":46},"end":{"line":243,"column":1}}},"5":{"name":"renderIDocXml","decl":{"start":{"line":250,"column":16},"end":{"line":250,"column":29}},"loc":{"start":{"line":250,"column":47},"end":{"line":277,"column":1}}},"6":{"name":"(anonymous_6)","decl":{"start":{"line":251,"column":24},"end":{"line":251,"column":25}},"loc":{"start":{"line":251,"column":69},"end":{"line":259,"column":3}}},"7":{"name":"(anonymous_7)","decl":{"start":{"line":253,"column":11},"end":{"line":253,"column":12}},"loc":{"start":{"line":253,"column":23},"end":{"line":253,"column":64}}},"8":{"name":"(anonymous_8)","decl":{"start":{"line":256,"column":25},"end":{"line":256,"column":26}},"loc":{"start":{"line":256,"column":30},"end":{"line":256,"column":61}}},"9":{"name":"(anonymous_9)","decl":{"start":{"line":261,"column":37},"end":{"line":261,"column":38}},"loc":{"start":{"line":261,"column":42},"end":{"line":261,"column":66}}},"10":{"name":"escapeXml","decl":{"start":{"line":279,"column":9},"end":{"line":279,"column":18}},"loc":{"start":{"line":279,"column":30},"end":{"line":286,"column":1}}}},"branchMap":{"0":{"loc":{"start":{"line":53,"column":2},"end":{"line":55,"column":3}},"type":"if","locations":[{"start":{"line":53,"column":2},"end":{"line":55,"column":3}}]},"1":{"loc":{"start":{"line":59,"column":11},"end":{"line":59,"column":99}},"type":"binary-expr","locations":[{"start":{"line":59,"column":11},"end":{"line":59,"column":76}},{"start":{"line":59,"column":80},"end":{"line":59,"column":99}}]},"2":{"loc":{"start":{"line":60,"column":13},"end":{"line":60,"column":49}},"type":"binary-expr","locations":[{"start":{"line":60,"column":13},"end":{"line":60,"column":43}},{"start":{"line":60,"column":47},"end":{"line":60,"column":49}}]},"3":{"loc":{"start":{"line":61,"column":14},"end":{"line":61,"column":63}},"type":"binary-expr","locations":[{"start":{"line":61,"column":14},"end":{"line":61,"column":50}},{"start":{"line":61,"column":54},"end":{"line":61,"column":63}}]},"4":{"loc":{"start":{"line":62,"column":15},"end":{"line":62,"column":101}},"type":"binary-expr","locations":[{"start":{"line":62,"column":15},"end":{"line":62,"column":90}},{"start":{"line":62,"column":94},"end":{"line":62,"column":101}}]},"5":{"loc":{"start":{"line":70,"column":17},"end":{"line":70,"column":42}},"type":"binary-expr","locations":[{"start":{"line":70,"column":17},"end":{"line":70,"column":36}},{"start":{"line":70,"column":40},"end":{"line":70,"column":42}}]},"6":{"loc":{"start":{"line":73,"column":17},"end":{"line":73,"column":71}},"type":"cond-expr","locations":[{"start":{"line":73,"column":34},"end":{"line":73,"column":52}},{"start":{"line":73,"column":55},"end":{"line":73,"column":71}}]},"7":{"loc":{"start":{"line":98,"column":2},"end":{"line":100,"column":3}},"type":"if","locations":[{"start":{"line":98,"column":2},"end":{"line":100,"column":3}}]},"8":{"loc":{"start":{"line":108,"column":21},"end":{"line":108,"column":62}},"type":"binary-expr","locations":[{"start":{"line":108,"column":21},"end":{"line":108,"column":46}},{"start":{"line":108,"column":50},"end":{"line":108,"column":62}}]},"9":{"loc":{"start":{"line":124,"column":21},"end":{"line":124,"column":59}},"type":"binary-expr","locations":[{"start":{"line":124,"column":21},"end":{"line":124,"column":53}},{"start":{"line":124,"column":57},"end":{"line":124,"column":59}}]},"10":{"loc":{"start":{"line":156,"column":2},"end":{"line":158,"column":3}},"type":"if","locations":[{"start":{"line":156,"column":2},"end":{"line":158,"column":3}}]},"11":{"loc":{"start":{"line":166,"column":21},"end":{"line":166,"column":62}},"type":"binary-expr","locations":[{"start":{"line":166,"column":21},"end":{"line":166,"column":46}},{"start":{"line":166,"column":50},"end":{"line":166,"column":62}}]},"12":{"loc":{"start":{"line":174,"column":22},"end":{"line":174,"column":42}},"type":"binary-expr","locations":[{"start":{"line":174,"column":22},"end":{"line":174,"column":36}},{"start":{"line":174,"column":40},"end":{"line":174,"column":42}}]},"13":{"loc":{"start":{"line":180,"column":24},"end":{"line":180,"column":71}},"type":"binary-expr","locations":[{"start":{"line":180,"column":24},"end":{"line":180,"column":65}},{"start":{"line":180,"column":69},"end":{"line":180,"column":71}}]},"14":{"loc":{"start":{"line":208,"column":2},"end":{"line":217,"column":3}},"type":"if","locations":[{"start":{"line":208,"column":2},"end":{"line":217,"column":3}}]},"15":{"loc":{"start":{"line":214,"column":14},"end":{"line":214,"column":68}},"type":"binary-expr","locations":[{"start":{"line":214,"column":14},"end":{"line":214,"column":45}},{"start":{"line":214,"column":49},"end":{"line":214,"column":68}}]},"16":{"loc":{"start":{"line":229,"column":14},"end":{"line":229,"column":68}},"type":"binary-expr","locations":[{"start":{"line":229,"column":14},"end":{"line":229,"column":45}},{"start":{"line":229,"column":49},"end":{"line":229,"column":68}}]},"17":{"loc":{"start":{"line":230,"column":17},"end":{"line":230,"column":87}},"type":"cond-expr","locations":[{"start":{"line":230,"column":26},"end":{"line":230,"column":49}},{"start":{"line":230,"column":52},"end":{"line":230,"column":87}}]},"18":{"loc":{"start":{"line":238,"column":39},"end":{"line":238,"column":91}},"type":"cond-expr","locations":[{"start":{"line":238,"column":62},"end":{"line":238,"column":73}},{"start":{"line":238,"column":76},"end":{"line":238,"column":91}}]},"19":{"loc":{"start":{"line":239,"column":14},"end":{"line":239,"column":68}},"type":"binary-expr","locations":[{"start":{"line":239,"column":14},"end":{"line":239,"column":45}},{"start":{"line":239,"column":49},"end":{"line":239,"column":68}}]},"20":{"loc":{"start":{"line":255,"column":21},"end":{"line":257,"column":10}},"type":"cond-expr","locations":[{"start":{"line":256,"column":8},"end":{"line":256,"column":73}},{"start":{"line":257,"column":8},"end":{"line":257,"column":10}}]}},"s":{"0":3,"1":3,"2":3,"3":3,"4":3,"5":3,"6":0,"7":0,"8":0,"9":0,"10":0,"11":0,"12":0,"13":0,"14":0,"15":0,"16":0,"17":0,"18":0,"19":0,"20":0,"21":0,"22":0,"23":0,"24":0,"25":0,"26":0,"27":0,"28":0,"29":0,"30":0,"31":0,"32":0,"33":0,"34":0,"35":0,"36":0,"37":0,"38":0},"f":{"0":0,"1":0,"2":0,"3":0,"4":0,"5":0,"6":0,"7":0,"8":0,"9":0,"10":0},"b":{"0":[0],"1":[0,0],"2":[0,0],"3":[0,0],"4":[0,0],"5":[0,0],"6":[0,0],"7":[0],"8":[0,0],"9":[0,0],"10":[0],"11":[0,0],"12":[0,0],"13":[0,0],"14":[0],"15":[0,0],"16":[0,0],"17":[0,0],"18":[0,0],"19":[0,0],"20":[0,0]}}
,"/home/runner/work/TiM/TiM/backend/src/services/stepService.ts": {"path":"/home/runner/work/TiM/TiM/backend/src/services/stepService.ts","statementMap":{"0":{"start":{"line":4,"column":0},"end":{"line":4,"column":7}},"1":{"start":{"line":1,"column":0},"end":{"line":1,"column":45}},"2":{"start":{"line":2,"column":0},"end":{"line":2,"column":66}},"3":{"start":{"line":10,"column":15},"end":{"line":12,"column":4}},"4":{"start":{"line":13,"column":2},"end":{"line":13,"column":87}},"5":{"start":{"line":13,"column":13},"end":{"line":13,"column":87}},"6":{"start":{"line":14,"column":2},"end":{"line":14,"column":103}},"7":{"start":{"line":14,"column":35},"end":{"line":14,"column":103}},"8":{"start":{"line":16,"column":18},"end":{"line":19,"column":4}},"9":{"start":{"line":21,"column":2},"end":{"line":29,"column":5}},"10":{"start":{"line":31,"column":2},"end":{"line":31,"column":82}},"11":{"start":{"line":32,"column":2},"end":{"line":32,"column":107}}},"fnMap":{"0":{"name":"completeStep","decl":{"start":{"line":4,"column":22},"end":{"line":4,"column":34}},"loc":{"start":{"line":9,"column":1},"end":{"line":33,"column":1}}}},"branchMap":{"0":{"loc":{"start":{"line":13,"column":2},"end":{"line":13,"column":87}},"type":"if","locations":[{"start":{"line":13,"column":2},"end":{"line":13,"column":87}}]},"1":{"loc":{"start":{"line":14,"column":2},"end":{"line":14,"column":103}},"type":"if","locations":[{"start":{"line":14,"column":2},"end":{"line":14,"column":103}}]},"2":{"loc":{"start":{"line":18,"column":40},"end":{"line":18,"column":64}},"type":"binary-expr","locations":[{"start":{"line":18,"column":40},"end":{"line":18,"column":50}},{"start":{"line":18,"column":54},"end":{"line":18,"column":64}}]},"3":{"loc":{"start":{"line":27,"column":25},"end":{"line":27,"column":43}},"type":"binary-expr","locations":[{"start":{"line":27,"column":25},"end":{"line":27,"column":35}},{"start":{"line":27,"column":39},"end":{"line":27,"column":43}}]}},"s":{"0":3,"1":3,"2":3,"3":3,"4":3,"5":1,"6":2,"7":1,"8":1,"9":1,"10":1,"11":1},"f":{"0":3},"b":{"0":[1],"1":[1],"2":[1,0],"3":[1,0]}}
,"/home/runner/work/TiM/TiM/backend/src/sockets/workOrderSocket.ts": {"path":"/home/runner/work/TiM/TiM/backend/src/sockets/workOrderSocket.ts","statementMap":{"0":{"start":{"line":3,"column":0},"end":{"line":3,"column":16}},"1":{"start":{"line":8,"column":0},"end":{"line":8,"column":16}},"2":{"start":{"line":1,"column":0},"end":{"line":1,"column":31}},"3":{"start":{"line":4,"column":15},"end":{"line":4,"column":42}},"4":{"start":{"line":5,"column":2},"end":{"line":5,"column":45}},"5":{"start":{"line":9,"column":2},"end":{"line":9,"column":95}}},"fnMap":{"0":{"name":"emitStepCompleted","decl":{"start":{"line":3,"column":16},"end":{"line":3,"column":33}},"loc":{"start":{"line":3,"column":98},"end":{"line":6,"column":1}}},"1":{"name":"emitQueueUpdated","decl":{"start":{"line":8,"column":16},"end":{"line":8,"column":32}},"loc":{"start":{"line":8,"column":49},"end":{"line":10,"column":1}}}},"branchMap":{},"s":{"0":1,"1":1,"2":1,"3":0,"4":0,"5":0},"f":{"0":0,"1":0},"b":{}}
}
