TN:
SF:src/app.ts
FN:46,(anonymous_1)
FN:47,(anonymous_2)
FN:51,(anonymous_3)
FN:55,(anonymous_4)
FN:59,(anonymous_5)
FN:66,(anonymous_6)
FNF:6
FNH:1
FNDA:0,(anonymous_1)
FNDA:0,(anonymous_2)
FNDA:0,(anonymous_3)
FNDA:0,(anonymous_4)
FNDA:0,(anonymous_5)
FNDA:3,(anonymous_6)
DA:1,3
DA:2,3
DA:3,3
DA:4,3
DA:5,3
DA:6,3
DA:7,3
DA:8,3
DA:9,3
DA:10,3
DA:11,3
DA:12,3
DA:13,3
DA:15,3
DA:16,3
DA:19,3
DA:28,3
DA:31,3
DA:34,3
DA:37,3
DA:38,3
DA:39,3
DA:40,3
DA:41,3
DA:42,3
DA:43,3
DA:46,3
DA:47,0
DA:48,0
DA:51,0
DA:52,0
DA:55,0
DA:56,0
DA:59,0
DA:60,0
DA:65,3
DA:66,3
DA:67,3
DA:70,3
LF:39
LH:31
BRDA:20,0,0,3
BRDA:20,0,1,3
BRDA:65,1,0,3
BRDA:65,1,1,3
BRF:4
BRH:4
end_of_record
TN:
SF:src/controllers/stepController.ts
FN:7,completeStepController
FNF:1
FNH:1
FNDA:3,completeStepController
DA:2,3
DA:3,3
DA:5,3
DA:7,3
DA:8,3
DA:9,3
DA:11,3
DA:18,3
LF:8
LH:8
BRDA:9,0,0,0
BRF:1
BRH:0
end_of_record
TN:
SF:src/middleware/auth.ts
FN:14,requireAuth
FN:33,requireRole
FN:34,(anonymous_2)
FNF:3
FNH:3
FNDA:7,requireAuth
FNDA:33,requireRole
FNDA:4,(anonymous_2)
DA:1,3
DA:14,3
DA:15,7
DA:16,7
DA:17,7
DA:18,7
DA:20,6
DA:21,6
DA:22,6
DA:27,6
DA:29,0
DA:33,3
DA:34,33
DA:35,4
DA:36,1
DA:38,3
LF:16
LH:15
BRDA:16,0,0,7
BRDA:16,0,1,1
BRDA:17,1,0,6
BRDA:17,1,1,1
BRDA:18,2,0,1
BRDA:20,3,0,6
BRDA:20,3,1,0
BRDA:25,4,0,6
BRDA:25,4,1,4
BRDA:35,5,0,1
BRDA:35,6,0,4
BRDA:35,6,1,4
BRF:12
BRH:11
end_of_record
TN:
SF:src/middleware/httpsRedirect.ts
FN:8,httpsRedirect
FNF:1
FNH:1
FNDA:9,httpsRedirect
DA:8,3
DA:10,9
DA:13,0
DA:15,0
DA:16,0
DA:17,0
DA:21,0
DA:22,0
LF:8
LH:2
BRDA:10,0,0,9
BRDA:13,1,0,0
BRDA:15,2,0,0
BRDA:15,2,1,0
BRDA:16,3,0,0
BRF:5
BRH:1
end_of_record
TN:
SF:src/middleware/rateLimiter.ts
FNF:0
FNH:0
DA:1,3
DA:7,3
DA:19,3
DA:31,3
LF:4
LH:4
BRDA:9,0,0,3
BRDA:9,0,1,3
BRDA:21,1,0,3
BRDA:21,1,1,3
BRDA:33,2,0,3
BRDA:33,2,1,3
BRF:6
BRH:6
end_of_record
TN:
SF:src/routes/health.ts
FN:6,(anonymous_0)
FNF:1
FNH:1
FNDA:2,(anonymous_0)
DA:1,3
DA:2,3
DA:4,3
DA:6,3
DA:7,2
DA:9,2
DA:11,2
DA:13,1
DA:15,1
DA:27,1
DA:29,1
DA:44,3
LF:12
LH:12
BRDA:36,0,0,1
BRDA:36,0,1,0
BRF:2
BRH:1
end_of_record
TN:
SF:src/routes/labReports.ts
FN:25,(anonymous_0)
FN:48,(anonymous_1)
FNF:2
FNH:0
FNDA:0,(anonymous_0)
FNDA:0,(anonymous_1)
DA:1,3
DA:2,3
DA:3,3
DA:4,3
DA:6,3
DA:8,3
DA:16,3
DA:21,3
DA:26,0
DA:27,0
DA:29,0
DA:30,0
DA:39,0
DA:44,3
DA:49,0
DA:50,0
DA:52,0
DA:58,0
DA:62,3
LF:19
LH:10
BRDA:27,0,0,0
BRDA:50,1,0,0
BRF:2
BRH:0
end_of_record
TN:
SF:src/routes/movements.ts
FN:17,(anonymous_0)
FNF:1
FNH:0
FNDA:0,(anonymous_0)
DA:1,3
DA:2,3
DA:3,3
DA:4,3
DA:6,3
DA:8,3
DA:17,3
DA:18,0
DA:19,0
DA:21,0
DA:22,0
DA:31,0
DA:34,3
LF:13
LH:8
BRDA:19,0,0,0
BRF:1
BRH:0
end_of_record
TN:
SF:src/routes/queue.ts
FN:8,(anonymous_0)
FNF:1
FNH:1
FNDA:2,(anonymous_0)
DA:1,3
DA:2,3
DA:3,3
DA:5,3
DA:8,3
DA:9,2
DA:10,2
DA:13,3
LF:8
LH:8
BRF:0
BRH:0
end_of_record
TN:
SF:src/routes/sap.ts
FN:20,(anonymous_0)
FN:26,(anonymous_1)
FN:35,(anonymous_2)
FN:50,(anonymous_3)
FN:80,(anonymous_4)
FNF:5
FNH:0
FNDA:0,(anonymous_0)
FNDA:0,(anonymous_1)
FNDA:0,(anonymous_2)
FNDA:0,(anonymous_3)
FNDA:0,(anonymous_4)
DA:1,3
DA:2,3
DA:3,3
DA:4,3
DA:12,3
DA:20,3
DA:21,0
DA:22,0
DA:26,3
DA:27,0
DA:28,0
DA:35,3
DA:36,0
DA:38,0
DA:43,0
DA:50,3
DA:51,0
DA:54,0
DA:55,0
DA:56,0
DA:57,0
DA:61,0
DA:63,0
DA:70,3
DA:76,3
DA:81,0
DA:82,0
DA:83,0
DA:89,0
DA:90,0
DA:94,3
LF:31
LH:12
BRDA:54,0,0,0
BRDA:54,1,0,0
BRDA:54,1,1,0
BRDA:56,2,0,0
BRDA:82,3,0,0
BRF:5
BRH:0
end_of_record
TN:
SF:src/routes/sapMiddleware.ts
FN:20,(anonymous_0)
FN:26,(anonymous_1)
FN:34,(anonymous_2)
FN:44,(anonymous_3)
FN:62,(anonymous_4)
FN:72,(anonymous_5)
FNF:6
FNH:0
FNDA:0,(anonymous_0)
FNDA:0,(anonymous_1)
FNDA:0,(anonymous_2)
FNDA:0,(anonymous_3)
FNDA:0,(anonymous_4)
FNDA:0,(anonymous_5)
DA:1,3
DA:2,3
DA:3,3
DA:4,3
DA:12,3
DA:20,3
DA:21,0
DA:22,0
DA:26,3
DA:27,0
DA:28,0
DA:32,3
DA:34,3
DA:35,0
DA:36,0
DA:37,0
DA:39,0
DA:40,0
DA:44,3
DA:45,0
DA:46,0
DA:47,0
DA:49,0
DA:50,0
DA:51,0
DA:53,0
DA:54,0
DA:55,0
DA:56,0
DA:60,3
DA:62,3
DA:63,0
DA:64,0
DA:65,0
DA:67,0
DA:68,0
DA:72,3
DA:73,0
DA:74,0
DA:75,0
DA:77,0
DA:78,0
DA:79,0
DA:81,0
DA:82,0
DA:83,0
DA:84,0
DA:87,3
LF:48
LH:14
BRDA:36,0,0,0
BRDA:46,1,0,0
BRDA:50,2,0,0
BRDA:64,3,0,0
BRDA:74,4,0,0
BRDA:78,5,0,0
BRF:6
BRH:0
end_of_record
TN:
SF:src/routes/workOrders.ts
FNF:0
FNH:0
DA:1,3
DA:2,3
DA:3,3
DA:5,3
DA:7,3
DA:14,3
LF:6
LH:6
BRF:0
BRH:0
end_of_record
TN:
SF:src/services/labReportService.ts
FN:4,submitLabReport
FN:51,(anonymous_1)
FN:56,(anonymous_2)
FN:60,(anonymous_3)
FN:67,signoffLabReport
FN:102,(anonymous_5)
FN:107,(anonymous_6)
FN:111,(anonymous_7)
FNF:8
FNH:0
FNDA:0,submitLabReport
FNDA:0,(anonymous_1)
FNDA:0,(anonymous_2)
FNDA:0,(anonymous_3)
FNDA:0,signoffLabReport
FNDA:0,(anonymous_5)
FNDA:0,(anonymous_6)
FNDA:0,(anonymous_7)
DA:1,3
DA:2,3
DA:4,3
DA:13,0
DA:16,0
DA:18,0
DA:30,0
DA:31,0
DA:38,0
DA:52,0
DA:53,0
DA:57,0
DA:61,0
DA:64,0
DA:67,3
DA:73,0
DA:77,0
DA:78,0
DA:80,0
DA:89,0
DA:103,0
DA:104,0
DA:108,0
DA:112,0
DA:115,0
LF:25
LH:4
BRDA:16,0,0,0
BRDA:30,1,0,0
BRDA:52,2,0,0
BRDA:77,3,0,0
BRDA:78,4,0,0
BRDA:103,5,0,0
BRF:6
BRH:0
end_of_record
TN:
SF:src/services/movementService.ts
FN:5,logMovement
FN:54,(anonymous_1)
FN:59,(anonymous_2)
FN:63,(anonymous_3)
FNF:4
FNH:0
FNDA:0,logMovement
FNDA:0,(anonymous_1)
FNDA:0,(anonymous_2)
FNDA:0,(anonymous_3)
DA:1,3
DA:2,3
DA:3,3
DA:5,3
DA:14,0
DA:17,0
DA:19,0
DA:41,0
DA:55,0
DA:56,0
DA:60,0
DA:64,0
DA:67,0
DA:69,0
LF:14
LH:4
BRDA:17,0,0,0
BRDA:55,1,0,0
BRF:2
BRH:0
end_of_record
TN:
SF:src/services/olympusBridge.ts
FN:3,commitToOlympus
FNF:1
FNH:0
FNDA:0,commitToOlympus
DA:1,3
DA:3,3
DA:9,0
DA:10,0
DA:11,0
DA:17,0
DA:18,0
DA:19,0
DA:21,0
LF:9
LH:2
BRDA:1,0,0,3
BRDA:1,0,1,3
BRDA:9,1,0,0
BRDA:17,2,0,0
BRDA:19,3,0,0
BRDA:19,3,1,0
BRF:6
BRH:2
end_of_record
TN:
SF:src/services/queueService.ts
FN:3,getQueueSnapshot
FN:16,(anonymous_1)
FN:21,(anonymous_2)
FN:22,(anonymous_3)
FNF:4
FNH:4
FNDA:2,getQueueSnapshot
FNDA:2,(anonymous_1)
FNDA:1,(anonymous_2)
FNDA:1,(anonymous_3)
DA:1,3
DA:3,3
DA:4,2
DA:16,2
DA:21,1
DA:22,1
LF:6
LH:6
BRF:0
BRH:0
end_of_record
TN:
SF:src/services/sapIntegrationService.ts
FN:9,getSAPMaterials
FN:15,(anonymous_1)
FN:25,getSAPBatches
FN:47,(anonymous_3)
FN:50,(anonymous_4)
FN:66,getSAPMovements
FN:88,(anonymous_6)
FN:104,getSAPPlantInfo
FN:124,(anonymous_8)
FN:134,syncMaterialFromSAP
FNF:10
FNH:0
FNDA:0,getSAPMaterials
FNDA:0,(anonymous_1)
FNDA:0,getSAPBatches
FNDA:0,(anonymous_3)
FNDA:0,(anonymous_4)
FNDA:0,getSAPMovements
FNDA:0,(anonymous_6)
FNDA:0,getSAPPlantInfo
FNDA:0,(anonymous_8)
FNDA:0,syncMaterialFromSAP
DA:1,3
DA:9,3
DA:10,0
DA:15,0
DA:25,3
DA:29,0
DA:31,0
DA:32,0
DA:35,0
DA:45,0
DA:46,0
DA:47,0
DA:50,0
DA:66,3
DA:67,0
DA:69,0
DA:70,0
DA:73,0
DA:88,0
DA:104,3
DA:105,0
DA:114,0
DA:115,0
DA:118,0
DA:124,0
DA:134,3
DA:140,0
DA:147,0
DA:149,0
DA:156,0
DA:160,0
DA:169,0
LF:32
LH:6
BRDA:16,0,0,0
BRDA:16,0,1,0
BRDA:31,1,0,0
BRDA:46,2,0,0
BRDA:52,3,0,0
BRDA:52,3,1,0
BRDA:69,4,0,0
BRDA:91,5,0,0
BRDA:91,5,1,0
BRDA:98,6,0,0
BRDA:98,6,1,0
BRDA:99,7,0,0
BRDA:99,7,1,0
BRDA:114,8,0,0
BRDA:121,9,0,0
BRDA:121,9,1,0
BRDA:127,10,0,0
BRDA:127,10,1,0
BRDA:147,11,0,0
BRF:19
BRH:0
end_of_record
TN:
SF:src/services/sapMiddlewareService.ts
FN:39,formatSAPDate
FN:48,getMiddlewareConfig
FN:86,batchToIDoc
FN:141,movementToIDoc
FN:203,testMiddlewareConnection
FN:250,renderIDocXml
FN:251,(anonymous_6)
FN:253,(anonymous_7)
FN:256,(anonymous_8)
FN:261,(anonymous_9)
FN:279,escapeXml
FNF:11
FNH:0
FNDA:0,formatSAPDate
FNDA:0,getMiddlewareConfig
FNDA:0,batchToIDoc
FNDA:0,movementToIDoc
FNDA:0,testMiddlewareConnection
FNDA:0,renderIDocXml
FNDA:0,(anonymous_6)
FNDA:0,(anonymous_7)
FNDA:0,(anonymous_8)
FNDA:0,(anonymous_9)
FNDA:0,escapeXml
DA:1,3
DA:40,0
DA:48,3
DA:52,0
DA:53,0
DA:54,0
DA:58,0
DA:66,0
DA:86,3
DA:90,0
DA:98,0
DA:99,0
DA:102,0
DA:135,0
DA:141,3
DA:145,0
DA:156,0
DA:157,0
DA:160,0
DA:195,0
DA:203,3
DA:207,0
DA:208,0
DA:209,0
DA:219,0
DA:220,0
DA:224,0
DA:234,0
DA:250,3
DA:251,0
DA:252,0
DA:253,0
DA:255,0
DA:256,0
DA:258,0
DA:261,0
DA:263,0
DA:280,0
LF:38
LH:6
BRDA:53,0,0,0
BRDA:59,1,0,0
BRDA:59,1,1,0
BRDA:60,2,0,0
BRDA:60,2,1,0
BRDA:61,3,0,0
BRDA:61,3,1,0
BRDA:62,4,0,0
BRDA:62,4,1,0
BRDA:70,5,0,0
BRDA:70,5,1,0
BRDA:73,6,0,0
BRDA:73,6,1,0
BRDA:98,7,0,0
BRDA:108,8,0,0
BRDA:108,8,1,0
BRDA:124,9,0,0
BRDA:124,9,1,0
BRDA:156,10,0,0
BRDA:166,11,0,0
BRDA:166,11,1,0
BRDA:174,12,0,0
BRDA:174,12,1,0
BRDA:180,13,0,0
BRDA:180,13,1,0
BRDA:208,14,0,0
BRDA:214,15,0,0
BRDA:214,15,1,0
BRDA:229,16,0,0
BRDA:229,16,1,0
BRDA:230,17,0,0
BRDA:230,17,1,0
BRDA:238,18,0,0
BRDA:238,18,1,0
BRDA:239,19,0,0
BRDA:239,19,1,0
BRDA:255,20,0,0
BRDA:255,20,1,0
BRF:38
BRH:0
end_of_record
TN:
SF:src/services/stepService.ts
FN:4,completeStep
FNF:1
FNH:1
FNDA:3,completeStep
DA:1,3
DA:2,3
DA:4,3
DA:10,3
DA:13,3
DA:14,2
DA:16,1
DA:21,1
DA:31,1
DA:32,1
LF:10
LH:10
BRDA:13,0,0,1
BRDA:14,1,0,1
BRDA:18,2,0,1
BRDA:18,2,1,0
BRDA:27,3,0,1
BRDA:27,3,1,0
BRF:6
BRH:4
end_of_record
TN:
SF:src/sockets/workOrderSocket.ts
FN:3,emitStepCompleted
FN:8,emitQueueUpdated
FNF:2
FNH:0
FNDA:0,emitStepCompleted
FNDA:0,emitQueueUpdated
DA:1,1
DA:3,1
DA:4,0
DA:5,0
DA:8,1
DA:9,0
LF:6
LH:3
BRF:0
BRH:0
end_of_record
